{"D:\\BatBall\\wsd\\textanalyzer\\src\\server.ts": {"path":"D:\\BatBall\\wsd\\textanalyzer\\src\\server.ts","statementMap":{"0":{"start":{"line":1,"column":0},"end":{"line":1,"column":null}},"1":{"start":{"line":6,"column":0},"end":{"line":6,"column":24}},"2":{"start":{"line":7,"column":0},"end":{"line":7,"column":28}},"3":{"start":{"line":8,"column":0},"end":{"line":8,"column":16}},"4":{"start":{"line":9,"column":0},"end":{"line":9,"column":28}},"5":{"start":{"line":10,"column":0},"end":{"line":10,"column":24}},"6":{"start":{"line":11,"column":0},"end":{"line":11,"column":47}},"7":{"start":{"line":12,"column":0},"end":{"line":12,"column":41}},"8":{"start":{"line":13,"column":0},"end":{"line":13,"column":43}},"9":{"start":{"line":14,"column":0},"end":{"line":14,"column":36}},"10":{"start":{"line":15,"column":0},"end":{"line":15,"column":49}},"11":{"start":{"line":16,"column":0},"end":{"line":16,"column":49}},"12":{"start":{"line":18,"column":13},"end":{"line":18,"column":37}},"13":{"start":{"line":19,"column":34},"end":{"line":25,"column":1}},"14":{"start":{"line":20,"column":21},"end":{"line":20,"column":24}},"15":{"start":{"line":21,"column":19},"end":{"line":21,"column":22}},"16":{"start":{"line":22,"column":15},"end":{"line":22,"column":36}},"17":{"start":{"line":24,"column":2},"end":{"line":24,"column":53}},"18":{"start":{"line":27,"column":12},"end":{"line":27,"column":21}},"19":{"start":{"line":137,"column":9},"end":{"line":137,"column":12}},"20":{"start":{"line":30,"column":0},"end":{"line":30,"column":18}},"21":{"start":{"line":31,"column":0},"end":{"line":31,"column":26}},"22":{"start":{"line":33,"column":0},"end":{"line":33,"column":16}},"23":{"start":{"line":35,"column":16},"end":{"line":39,"column":2}},"24":{"start":{"line":40,"column":0},"end":{"line":40,"column":17}},"25":{"start":{"line":42,"column":0},"end":{"line":57,"column":3}},"26":{"start":{"line":43,"column":16},"end":{"line":43,"column":32}},"27":{"start":{"line":44,"column":2},"end":{"line":55,"column":5}},"28":{"start":{"line":45,"column":35},"end":{"line":45,"column":67}},"29":{"start":{"line":46,"column":4},"end":{"line":54,"column":6}},"30":{"start":{"line":56,"column":2},"end":{"line":56,"column":9}},"31":{"start":{"line":59,"column":0},"end":{"line":59,"column":48}},"32":{"start":{"line":60,"column":0},"end":{"line":60,"column":24}},"33":{"start":{"line":63,"column":0},"end":{"line":75,"column":3}},"34":{"start":{"line":64,"column":2},"end":{"line":64,"column":49}},"35":{"start":{"line":65,"column":2},"end":{"line":68,"column":4}},"36":{"start":{"line":70,"column":2},"end":{"line":73,"column":null}},"37":{"start":{"line":71,"column":4},"end":{"line":71,"column":76}},"38":{"start":{"line":72,"column":4},"end":{"line":72,"column":36}},"39":{"start":{"line":74,"column":2},"end":{"line":74,"column":9}},"40":{"start":{"line":78,"column":20},"end":{"line":78,"column":48}},"41":{"start":{"line":79,"column":0},"end":{"line":79,"column":68}},"42":{"start":{"line":82,"column":0},"end":{"line":82,"column":33}},"43":{"start":{"line":86,"column":0},"end":{"line":86,"column":74}},"44":{"start":{"line":86,"column":31},"end":{"line":86,"column":72}},"45":{"start":{"line":89,"column":0},"end":{"line":98,"column":3}},"46":{"start":{"line":90,"column":2},"end":{"line":90,"column":54}},"47":{"start":{"line":91,"column":2},"end":{"line":97,"column":5}},"48":{"start":{"line":101,"column":0},"end":{"line":112,"column":3}},"49":{"start":{"line":102,"column":2},"end":{"line":102,"column":25}},"50":{"start":{"line":103,"column":2},"end":{"line":103,"column":50}},"51":{"start":{"line":105,"column":2},"end":{"line":111,"column":5}},"52":{"start":{"line":120,"column":15},"end":{"line":120,"column":37}},"53":{"start":{"line":137,"column":14},"end":{"line":137,"column":20}},"54":{"start":{"line":121,"column":27},"end":{"line":128,"column":4}},"55":{"start":{"line":122,"column":2},"end":{"line":128,"column":4}},"56":{"start":{"line":123,"column":4},"end":{"line":127,"column":7}},"57":{"start":{"line":124,"column":6},"end":{"line":124,"column":55}},"58":{"start":{"line":125,"column":6},"end":{"line":125,"column":77}},"59":{"start":{"line":126,"column":6},"end":{"line":126,"column":22}},"60":{"start":{"line":121,"column":13},"end":{"line":121,"column":27}},"61":{"start":{"line":130,"column":26},"end":{"line":136,"column":4}},"62":{"start":{"line":131,"column":2},"end":{"line":136,"column":4}},"63":{"start":{"line":132,"column":4},"end":{"line":135,"column":7}},"64":{"start":{"line":133,"column":6},"end":{"line":133,"column":34}},"65":{"start":{"line":133,"column":15},"end":{"line":133,"column":34}},"66":{"start":{"line":134,"column":6},"end":{"line":134,"column":20}},"67":{"start":{"line":130,"column":13},"end":{"line":130,"column":26}}},"fnMap":{"0":{"name":"(anonymous_1)","decl":{"start":{"line":19,"column":34},"end":{"line":19,"column":35}},"loc":{"start":{"line":19,"column":62},"end":{"line":25,"column":1}}},"1":{"name":"(anonymous_2)","decl":{"start":{"line":42,"column":8},"end":{"line":42,"column":9}},"loc":{"start":{"line":42,"column":27},"end":{"line":57,"column":1}}},"2":{"name":"(anonymous_3)","decl":{"start":{"line":44,"column":19},"end":{"line":44,"column":22}},"loc":{"start":{"line":44,"column":24},"end":{"line":55,"column":3}}},"3":{"name":"(anonymous_4)","decl":{"start":{"line":63,"column":8},"end":{"line":63,"column":9}},"loc":{"start":{"line":63,"column":60},"end":{"line":75,"column":1}}},"4":{"name":"(anonymous_5)","decl":{"start":{"line":86,"column":17},"end":{"line":86,"column":18}},"loc":{"start":{"line":86,"column":31},"end":{"line":86,"column":72}}},"5":{"name":"(anonymous_6)","decl":{"start":{"line":89,"column":8},"end":{"line":89,"column":9}},"loc":{"start":{"line":89,"column":21},"end":{"line":98,"column":1}}},"6":{"name":"(anonymous_7)","decl":{"start":{"line":101,"column":8},"end":{"line":101,"column":18}},"loc":{"start":{"line":101,"column":46},"end":{"line":112,"column":1}}},"7":{"name":"(anonymous_8)","decl":{"start":{"line":121,"column":27},"end":{"line":121,"column":30}},"loc":{"start":{"line":122,"column":2},"end":{"line":128,"column":4}}},"8":{"name":"(anonymous_9)","decl":{"start":{"line":122,"column":14},"end":{"line":122,"column":15}},"loc":{"start":{"line":122,"column":26},"end":{"line":128,"column":3}}},"9":{"name":"(anonymous_10)","decl":{"start":{"line":123,"column":24},"end":{"line":123,"column":27}},"loc":{"start":{"line":123,"column":29},"end":{"line":127,"column":5}}},"10":{"name":"(anonymous_11)","decl":{"start":{"line":130,"column":26},"end":{"line":130,"column":29}},"loc":{"start":{"line":131,"column":2},"end":{"line":136,"column":4}}},"11":{"name":"(anonymous_12)","decl":{"start":{"line":131,"column":14},"end":{"line":131,"column":15}},"loc":{"start":{"line":131,"column":34},"end":{"line":136,"column":3}}},"12":{"name":"(anonymous_13)","decl":{"start":{"line":132,"column":17},"end":{"line":132,"column":18}},"loc":{"start":{"line":132,"column":25},"end":{"line":135,"column":5}}}},"branchMap":{"0":{"loc":{"start":{"line":18,"column":13},"end":{"line":18,"column":37}},"type":"binary-expr","locations":[{"start":{"line":18,"column":13},"end":{"line":18,"column":29}},{"start":{"line":18,"column":33},"end":{"line":18,"column":37}}]},"1":{"loc":{"start":{"line":48,"column":8},"end":{"line":50,"column":null}},"type":"cond-expr","locations":[{"start":{"line":49,"column":12},"end":{"line":49,"column":41}},{"start":{"line":50,"column":12},"end":{"line":50,"column":null}}]},"2":{"loc":{"start":{"line":70,"column":2},"end":{"line":73,"column":null}},"type":"if","locations":[{"start":{"line":70,"column":2},"end":{"line":73,"column":null}}]},"3":{"loc":{"start":{"line":133,"column":6},"end":{"line":133,"column":34}},"type":"if","locations":[{"start":{"line":133,"column":6},"end":{"line":133,"column":34}}]}},"s":{"0":1,"1":1,"2":1,"3":1,"4":1,"5":1,"6":1,"7":1,"8":1,"9":1,"10":1,"11":1,"12":1,"13":1,"14":6,"15":6,"16":6,"17":6,"18":1,"19":1,"20":1,"21":1,"22":1,"23":1,"24":1,"25":1,"26":6,"27":6,"28":6,"29":6,"30":6,"31":1,"32":1,"33":1,"34":6,"35":6,"36":6,"37":0,"38":0,"39":6,"40":1,"41":1,"42":1,"43":1,"44":0,"45":1,"46":0,"47":0,"48":1,"49":0,"50":0,"51":0,"52":1,"53":1,"54":1,"55":1,"56":1,"57":1,"58":1,"59":1,"60":1,"61":1,"62":1,"63":1,"64":1,"65":0,"66":1,"67":1},"f":{"0":6,"1":6,"2":6,"3":6,"4":0,"5":0,"6":0,"7":1,"8":1,"9":1,"10":1,"11":1,"12":1},"b":{"0":[1,0],"1":[0,6],"2":[0],"3":[0]}}
,"D:\\BatBall\\wsd\\textanalyzer\\src\\controllers\\textControllers.ts": {"path":"D:\\BatBall\\wsd\\textanalyzer\\src\\controllers\\textControllers.ts","statementMap":{"0":{"start":{"line":2,"column":0},"end":{"line":2,"column":null}},"1":{"start":{"line":8,"column":0},"end":{"line":8,"column":48}},"2":{"start":{"line":9,"column":0},"end":{"line":9,"column":37}},"3":{"start":{"line":12,"column":36},"end":{"line":24,"column":1}},"4":{"start":{"line":16,"column":2},"end":{"line":23,"column":null}},"5":{"start":{"line":17,"column":24},"end":{"line":17,"column":32}},"6":{"start":{"line":18,"column":19},"end":{"line":18,"column":44}},"7":{"start":{"line":19,"column":4},"end":{"line":19,"column":33}},"8":{"start":{"line":21,"column":4},"end":{"line":21,"column":54}},"9":{"start":{"line":22,"column":4},"end":{"line":22,"column":65}},"10":{"start":{"line":12,"column":13},"end":{"line":12,"column":36}},"11":{"start":{"line":26,"column":33},"end":{"line":37,"column":1}},"12":{"start":{"line":27,"column":2},"end":{"line":36,"column":null}},"13":{"start":{"line":28,"column":19},"end":{"line":28,"column":29}},"14":{"start":{"line":29,"column":19},"end":{"line":29,"column":40}},"15":{"start":{"line":30,"column":4},"end":{"line":30,"column":74}},"16":{"start":{"line":30,"column":17},"end":{"line":30,"column":74}},"17":{"start":{"line":31,"column":21},"end":{"line":31,"column":48}},"18":{"start":{"line":32,"column":4},"end":{"line":32,"column":50}},"19":{"start":{"line":34,"column":4},"end":{"line":34,"column":56}},"20":{"start":{"line":35,"column":4},"end":{"line":35,"column":67}},"21":{"start":{"line":26,"column":13},"end":{"line":26,"column":33}},"22":{"start":{"line":39,"column":36},"end":{"line":52,"column":1}},"23":{"start":{"line":43,"column":2},"end":{"line":51,"column":null}},"24":{"start":{"line":44,"column":19},"end":{"line":44,"column":53}},"25":{"start":{"line":45,"column":24},"end":{"line":45,"column":32}},"26":{"start":{"line":46,"column":19},"end":{"line":46,"column":48}},"27":{"start":{"line":47,"column":4},"end":{"line":47,"column":33}},"28":{"start":{"line":49,"column":4},"end":{"line":49,"column":54}},"29":{"start":{"line":50,"column":4},"end":{"line":50,"column":65}},"30":{"start":{"line":39,"column":13},"end":{"line":39,"column":36}},"31":{"start":{"line":54,"column":36},"end":{"line":63,"column":1}},"32":{"start":{"line":55,"column":2},"end":{"line":62,"column":null}},"33":{"start":{"line":56,"column":19},"end":{"line":56,"column":29}},"34":{"start":{"line":57,"column":19},"end":{"line":57,"column":39}},"35":{"start":{"line":58,"column":4},"end":{"line":58,"column":33}},"36":{"start":{"line":60,"column":4},"end":{"line":60,"column":54}},"37":{"start":{"line":61,"column":4},"end":{"line":61,"column":65}},"38":{"start":{"line":54,"column":13},"end":{"line":54,"column":36}},"39":{"start":{"line":65,"column":30},"end":{"line":81,"column":1}},"40":{"start":{"line":71,"column":2},"end":{"line":80,"column":null}},"41":{"start":{"line":72,"column":19},"end":{"line":72,"column":29}},"42":{"start":{"line":73,"column":19},"end":{"line":73,"column":40}},"43":{"start":{"line":74,"column":4},"end":{"line":74,"column":74}},"44":{"start":{"line":74,"column":17},"end":{"line":74,"column":74}},"45":{"start":{"line":75,"column":21},"end":{"line":75,"column":48}},"46":{"start":{"line":76,"column":4},"end":{"line":76,"column":78}},"47":{"start":{"line":78,"column":4},"end":{"line":78,"column":66}},"48":{"start":{"line":79,"column":4},"end":{"line":79,"column":67}},"49":{"start":{"line":83,"column":28},"end":{"line":84,"column":59}},"50":{"start":{"line":84,"column":2},"end":{"line":84,"column":59}},"51":{"start":{"line":83,"column":13},"end":{"line":83,"column":28}},"52":{"start":{"line":86,"column":33},"end":{"line":87,"column":69}},"53":{"start":{"line":87,"column":2},"end":{"line":87,"column":69}},"54":{"start":{"line":86,"column":13},"end":{"line":86,"column":33}},"55":{"start":{"line":89,"column":32},"end":{"line":90,"column":67}},"56":{"start":{"line":90,"column":2},"end":{"line":90,"column":67}},"57":{"start":{"line":89,"column":13},"end":{"line":89,"column":32}},"58":{"start":{"line":92,"column":33},"end":{"line":93,"column":69}},"59":{"start":{"line":93,"column":2},"end":{"line":93,"column":69}},"60":{"start":{"line":92,"column":13},"end":{"line":92,"column":33}},"61":{"start":{"line":95,"column":30},"end":{"line":96,"column":65}},"62":{"start":{"line":96,"column":2},"end":{"line":96,"column":65}},"63":{"start":{"line":95,"column":13},"end":{"line":95,"column":30}}},"fnMap":{"0":{"name":"(anonymous_1)","decl":{"start":{"line":12,"column":36},"end":{"line":12,"column":41}},"loc":{"start":{"line":15,"column":4},"end":{"line":24,"column":1}}},"1":{"name":"(anonymous_2)","decl":{"start":{"line":26,"column":33},"end":{"line":26,"column":38}},"loc":{"start":{"line":26,"column":71},"end":{"line":37,"column":1}}},"2":{"name":"(anonymous_3)","decl":{"start":{"line":39,"column":36},"end":{"line":39,"column":41}},"loc":{"start":{"line":42,"column":4},"end":{"line":52,"column":1}}},"3":{"name":"(anonymous_4)","decl":{"start":{"line":54,"column":36},"end":{"line":54,"column":41}},"loc":{"start":{"line":54,"column":74},"end":{"line":63,"column":1}}},"4":{"name":"(anonymous_5)","decl":{"start":{"line":65,"column":30},"end":{"line":65,"column":35}},"loc":{"start":{"line":70,"column":4},"end":{"line":81,"column":1}}},"5":{"name":"(anonymous_6)","decl":{"start":{"line":83,"column":28},"end":{"line":83,"column":29}},"loc":{"start":{"line":84,"column":2},"end":{"line":84,"column":59}}},"6":{"name":"(anonymous_7)","decl":{"start":{"line":86,"column":33},"end":{"line":86,"column":34}},"loc":{"start":{"line":87,"column":2},"end":{"line":87,"column":69}}},"7":{"name":"(anonymous_8)","decl":{"start":{"line":89,"column":32},"end":{"line":89,"column":33}},"loc":{"start":{"line":90,"column":2},"end":{"line":90,"column":67}}},"8":{"name":"(anonymous_9)","decl":{"start":{"line":92,"column":33},"end":{"line":92,"column":34}},"loc":{"start":{"line":93,"column":2},"end":{"line":93,"column":69}}},"9":{"name":"(anonymous_10)","decl":{"start":{"line":95,"column":30},"end":{"line":95,"column":31}},"loc":{"start":{"line":96,"column":2},"end":{"line":96,"column":65}}}},"branchMap":{"0":{"loc":{"start":{"line":30,"column":4},"end":{"line":30,"column":74}},"type":"if","locations":[{"start":{"line":30,"column":4},"end":{"line":30,"column":74}}]},"1":{"loc":{"start":{"line":74,"column":4},"end":{"line":74,"column":74}},"type":"if","locations":[{"start":{"line":74,"column":4},"end":{"line":74,"column":74}}]}},"s":{"0":1,"1":1,"2":1,"3":1,"4":1,"5":1,"6":1,"7":1,"8":0,"9":0,"10":1,"11":1,"12":0,"13":0,"14":0,"15":0,"16":0,"17":0,"18":0,"19":0,"20":0,"21":1,"22":1,"23":0,"24":0,"25":0,"26":0,"27":0,"28":0,"29":0,"30":1,"31":1,"32":0,"33":0,"34":0,"35":0,"36":0,"37":0,"38":1,"39":1,"40":5,"41":5,"42":5,"43":5,"44":0,"45":5,"46":5,"47":0,"48":0,"49":1,"50":1,"51":1,"52":1,"53":1,"54":1,"55":1,"56":1,"57":1,"58":1,"59":1,"60":1,"61":1,"62":1,"63":1},"f":{"0":1,"1":0,"2":0,"3":0,"4":5,"5":1,"6":1,"7":1,"8":1,"9":1},"b":{"0":[0],"1":[0]}}
,"D:\\BatBall\\wsd\\textanalyzer\\src\\dto\\textDto.ts": {"path":"D:\\BatBall\\wsd\\textanalyzer\\src\\dto\\textDto.ts","statementMap":{"0":{"start":{"line":1,"column":0},"end":{"line":1,"column":37}},"1":{"start":{"line":3,"column":13},"end":{"line":11,"column":3}},"2":{"start":{"line":13,"column":0},"end":{"line":13,"column":13}},"3":{"start":{"line":17,"column":13},"end":{"line":29,"column":3}},"4":{"start":{"line":31,"column":13},"end":{"line":39,"column":3}},"5":{"start":{"line":41,"column":0},"end":{"line":41,"column":13}}},"fnMap":{},"branchMap":{},"s":{"0":1,"1":1,"2":1,"3":1,"4":1,"5":1},"f":{},"b":{}}
,"D:\\BatBall\\wsd\\textanalyzer\\src\\middleware\\validateRequest.ts": {"path":"D:\\BatBall\\wsd\\textanalyzer\\src\\middleware\\validateRequest.ts","statementMap":{"0":{"start":{"line":5,"column":2},"end":{"line":26,"column":3}},"1":{"start":{"line":6,"column":2},"end":{"line":26,"column":3}},"2":{"start":{"line":7,"column":4},"end":{"line":25,"column":null}},"3":{"start":{"line":8,"column":6},"end":{"line":12,"column":9}},"4":{"start":{"line":13,"column":6},"end":{"line":13,"column":13}},"5":{"start":{"line":16,"column":6},"end":{"line":24,"column":9}},"6":{"start":{"line":28,"column":0},"end":{"line":28,"column":33}}},"fnMap":{"0":{"name":"(anonymous_0)","decl":{"start":{"line":5,"column":2},"end":{"line":5,"column":3}},"loc":{"start":{"line":6,"column":2},"end":{"line":26,"column":3}}},"1":{"name":"(anonymous_1)","decl":{"start":{"line":6,"column":2},"end":{"line":6,"column":3}},"loc":{"start":{"line":6,"column":54},"end":{"line":26,"column":3}}}},"branchMap":{"0":{"loc":{"start":{"line":20,"column":20},"end":{"line":20,"column":78}},"type":"cond-expr","locations":[{"start":{"line":20,"column":34},"end":{"line":20,"column":61}},{"start":{"line":20,"column":64},"end":{"line":20,"column":78}}]}},"s":{"0":1,"1":9,"2":6,"3":6,"4":6,"5":0,"6":1},"f":{"0":9,"1":6},"b":{"0":[0,0]}}
,"D:\\BatBall\\wsd\\textanalyzer\\src\\routes\\textRoutes.ts": {"path":"D:\\BatBall\\wsd\\textanalyzer\\src\\routes\\textRoutes.ts","statementMap":{"0":{"start":{"line":1,"column":0},"end":{"line":1,"column":30}},"1":{"start":{"line":2,"column":0},"end":{"line":2,"column":62}},"2":{"start":{"line":3,"column":0},"end":{"line":3,"column":null}},"3":{"start":{"line":14,"column":0},"end":{"line":14,"column":87}},"4":{"start":{"line":16,"column":15},"end":{"line":16,"column":31}},"5":{"start":{"line":226,"column":19},"end":{"line":226,"column":29}},"6":{"start":{"line":40,"column":0},"end":{"line":40,"column":76}},"7":{"start":{"line":59,"column":0},"end":{"line":63,"column":2}},"8":{"start":{"line":92,"column":0},"end":{"line":96,"column":2}},"9":{"start":{"line":115,"column":0},"end":{"line":119,"column":2}},"10":{"start":{"line":136,"column":0},"end":{"line":140,"column":2}},"11":{"start":{"line":157,"column":0},"end":{"line":161,"column":2}},"12":{"start":{"line":178,"column":0},"end":{"line":182,"column":2}},"13":{"start":{"line":199,"column":0},"end":{"line":203,"column":2}},"14":{"start":{"line":220,"column":0},"end":{"line":224,"column":2}}},"fnMap":{},"branchMap":{},"s":{"0":1,"1":1,"2":1,"3":1,"4":1,"5":1,"6":1,"7":1,"8":1,"9":1,"10":1,"11":1,"12":1,"13":1,"14":1},"f":{},"b":{}}
,"D:\\BatBall\\wsd\\textanalyzer\\src\\services\\textServices.ts": {"path":"D:\\BatBall\\wsd\\textanalyzer\\src\\services\\textServices.ts","statementMap":{"0":{"start":{"line":1,"column":0},"end":{"line":1,"column":44}},"1":{"start":{"line":3,"column":26},"end":{"line":6,"column":1}},"2":{"start":{"line":4,"column":20},"end":{"line":4,"column":67}},"3":{"start":{"line":5,"column":2},"end":{"line":5,"column":19}},"4":{"start":{"line":3,"column":13},"end":{"line":3,"column":26}},"5":{"start":{"line":8,"column":27},"end":{"line":11,"column":1}},"6":{"start":{"line":9,"column":20},"end":{"line":9,"column":67}},"7":{"start":{"line":10,"column":2},"end":{"line":10,"column":19}},"8":{"start":{"line":8,"column":13},"end":{"line":8,"column":27}},"9":{"start":{"line":13,"column":26},"end":{"line":19,"column":1}},"10":{"start":{"line":14,"column":22},"end":{"line":17,"column":4}},"11":{"start":{"line":18,"column":2},"end":{"line":18,"column":21}},"12":{"start":{"line":13,"column":13},"end":{"line":13,"column":26}},"13":{"start":{"line":21,"column":26},"end":{"line":24,"column":1}},"14":{"start":{"line":22,"column":22},"end":{"line":22,"column":65}},"15":{"start":{"line":23,"column":2},"end":{"line":23,"column":21}},"16":{"start":{"line":21,"column":13},"end":{"line":21,"column":26}}},"fnMap":{"0":{"name":"(anonymous_0)","decl":{"start":{"line":3,"column":26},"end":{"line":3,"column":31}},"loc":{"start":{"line":3,"column":52},"end":{"line":6,"column":1}}},"1":{"name":"(anonymous_1)","decl":{"start":{"line":8,"column":27},"end":{"line":8,"column":32}},"loc":{"start":{"line":8,"column":48},"end":{"line":11,"column":1}}},"2":{"name":"(anonymous_2)","decl":{"start":{"line":13,"column":26},"end":{"line":13,"column":31}},"loc":{"start":{"line":13,"column":64},"end":{"line":19,"column":1}}},"3":{"name":"(anonymous_3)","decl":{"start":{"line":21,"column":26},"end":{"line":21,"column":31}},"loc":{"start":{"line":21,"column":47},"end":{"line":24,"column":1}}}},"branchMap":{},"s":{"0":1,"1":1,"2":1,"3":1,"4":1,"5":1,"6":5,"7":5,"8":1,"9":1,"10":0,"11":0,"12":1,"13":1,"14":0,"15":0,"16":1},"f":{"0":1,"1":5,"2":0,"3":0},"b":{}}
,"D:\\BatBall\\wsd\\textanalyzer\\src\\utils\\analyzer.ts": {"path":"D:\\BatBall\\wsd\\textanalyzer\\src\\utils\\analyzer.ts","statementMap":{"0":{"start":{"line":1,"column":27},"end":{"line":53,"column":1}},"1":{"start":{"line":2,"column":2},"end":{"line":10,"column":null}},"2":{"start":{"line":3,"column":4},"end":{"line":9,"column":6}},"3":{"start":{"line":13,"column":25},"end":{"line":13,"column":68}},"4":{"start":{"line":16,"column":16},"end":{"line":16,"column":77}},"5":{"start":{"line":16,"column":61},"end":{"line":16,"column":76}},"6":{"start":{"line":17,"column":20},"end":{"line":17,"column":32}},"7":{"start":{"line":20,"column":25},"end":{"line":20,"column":56}},"8":{"start":{"line":23,"column":24},"end":{"line":25,"column":60}},"9":{"start":{"line":25,"column":26},"end":{"line":25,"column":52}},"10":{"start":{"line":28,"column":25},"end":{"line":30,"column":62}},"11":{"start":{"line":30,"column":27},"end":{"line":30,"column":54}},"12":{"start":{"line":33,"column":21},"end":{"line":35,"column":55}},"13":{"start":{"line":35,"column":27},"end":{"line":35,"column":54}},"14":{"start":{"line":36,"column":23},"end":{"line":44,"column":4}},"15":{"start":{"line":37,"column":18},"end":{"line":37,"column":40}},"16":{"start":{"line":40,"column":22},"end":{"line":40,"column":67}},"17":{"start":{"line":40,"column":54},"end":{"line":40,"column":65}},"18":{"start":{"line":43,"column":4},"end":{"line":43,"column":61}},"19":{"start":{"line":43,"column":34},"end":{"line":43,"column":59}},"20":{"start":{"line":46,"column":2},"end":{"line":52,"column":4}},"21":{"start":{"line":1,"column":13},"end":{"line":1,"column":27}}},"fnMap":{"0":{"name":"(anonymous_0)","decl":{"start":{"line":1,"column":27},"end":{"line":1,"column":28}},"loc":{"start":{"line":1,"column":36},"end":{"line":53,"column":1}}},"1":{"name":"(anonymous_1)","decl":{"start":{"line":16,"column":51},"end":{"line":16,"column":52}},"loc":{"start":{"line":16,"column":61},"end":{"line":16,"column":76}}},"2":{"name":"(anonymous_2)","decl":{"start":{"line":25,"column":12},"end":{"line":25,"column":13}},"loc":{"start":{"line":25,"column":26},"end":{"line":25,"column":52}}},"3":{"name":"(anonymous_3)","decl":{"start":{"line":30,"column":12},"end":{"line":30,"column":13}},"loc":{"start":{"line":30,"column":27},"end":{"line":30,"column":54}}},"4":{"name":"(anonymous_4)","decl":{"start":{"line":35,"column":12},"end":{"line":35,"column":13}},"loc":{"start":{"line":35,"column":27},"end":{"line":35,"column":54}}},"5":{"name":"(anonymous_5)","decl":{"start":{"line":36,"column":42},"end":{"line":36,"column":43}},"loc":{"start":{"line":36,"column":56},"end":{"line":44,"column":3}}},"6":{"name":"(anonymous_6)","decl":{"start":{"line":40,"column":44},"end":{"line":40,"column":45}},"loc":{"start":{"line":40,"column":54},"end":{"line":40,"column":65}}},"7":{"name":"(anonymous_7)","decl":{"start":{"line":43,"column":24},"end":{"line":43,"column":25}},"loc":{"start":{"line":43,"column":34},"end":{"line":43,"column":59}}}},"branchMap":{"0":{"loc":{"start":{"line":2,"column":2},"end":{"line":10,"column":null}},"type":"if","locations":[{"start":{"line":2,"column":2},"end":{"line":10,"column":null}}]}},"s":{"0":1,"1":5,"2":0,"3":5,"4":5,"5":80,"6":5,"7":5,"8":5,"9":15,"10":5,"11":5,"12":5,"13":5,"14":5,"15":5,"16":5,"17":80,"18":5,"19":80,"20":5,"21":1},"f":{"0":5,"1":80,"2":15,"3":5,"4":5,"5":5,"6":80,"7":80},"b":{"0":[0]}}
,"D:\\BatBall\\wsd\\textanalyzer\\src\\utils\\logger.ts": {"path":"D:\\BatBall\\wsd\\textanalyzer\\src\\utils\\logger.ts","statementMap":{"0":{"start":{"line":1,"column":0},"end":{"line":1,"column":35}},"1":{"start":{"line":3,"column":56},"end":{"line":3,"column":70}},"2":{"start":{"line":6,"column":16},"end":{"line":13,"column":2}},"3":{"start":{"line":16,"column":15},"end":{"line":28,"column":2}},"4":{"start":{"line":24,"column":21},"end":{"line":24,"column":73}},"5":{"start":{"line":30,"column":0},"end":{"line":30,"column":22}}},"fnMap":{"0":{"name":"(anonymous_6)","decl":{"start":{"line":24,"column":11},"end":{"line":24,"column":12}},"loc":{"start":{"line":24,"column":21},"end":{"line":24,"column":73}}}},"branchMap":{"0":{"loc":{"start":{"line":17,"column":9},"end":{"line":17,"column":40}},"type":"binary-expr","locations":[{"start":{"line":17,"column":9},"end":{"line":17,"column":30}},{"start":{"line":17,"column":34},"end":{"line":17,"column":40}}]}},"s":{"0":1,"1":1,"2":1,"3":1,"4":8,"5":1},"f":{"0":8},"b":{"0":[1,1]}}
,"D:\\BatBall\\wsd\\textanalyzer\\src\\utils\\swagger.ts": {"path":"D:\\BatBall\\wsd\\textanalyzer\\src\\utils\\swagger.ts","statementMap":{"0":{"start":{"line":4,"column":13},"end":{"line":24,"column":2}}},"fnMap":{},"branchMap":{},"s":{"0":1},"f":{},"b":{}}
}
