TN:
SF:src\server.ts
FN:19,(anonymous_1)
FN:42,(anonymous_2)
FN:44,(anonymous_3)
FN:63,(anonymous_4)
FN:86,(anonymous_5)
FN:89,(anonymous_6)
FN:101,(anonymous_7)
FN:121,(anonymous_8)
FN:122,(anonymous_9)
FN:123,(anonymous_10)
FN:130,(anonymous_11)
FN:131,(anonymous_12)
FN:132,(anonymous_13)
FNF:13
FNH:10
FNDA:6,(anonymous_1)
FNDA:6,(anonymous_2)
FNDA:6,(anonymous_3)
FNDA:6,(anonymous_4)
FNDA:0,(anonymous_5)
FNDA:0,(anonymous_6)
FNDA:0,(anonymous_7)
FNDA:1,(anonymous_8)
FNDA:1,(anonymous_9)
FNDA:1,(anonymous_10)
FNDA:1,(anonymous_11)
FNDA:1,(anonymous_12)
FNDA:1,(anonymous_13)
DA:1,1
DA:6,1
DA:7,1
DA:8,1
DA:9,1
DA:10,1
DA:11,1
DA:12,1
DA:13,1
DA:14,1
DA:15,1
DA:16,1
DA:18,1
DA:19,1
DA:20,6
DA:21,6
DA:22,6
DA:24,6
DA:27,1
DA:30,1
DA:31,1
DA:33,1
DA:35,1
DA:40,1
DA:42,1
DA:43,6
DA:44,6
DA:45,6
DA:46,6
DA:56,6
DA:59,1
DA:60,1
DA:63,1
DA:64,6
DA:65,6
DA:70,6
DA:71,0
DA:72,0
DA:74,6
DA:78,1
DA:79,1
DA:82,1
DA:86,1
DA:89,1
DA:90,0
DA:91,0
DA:101,1
DA:102,0
DA:103,0
DA:105,0
DA:120,1
DA:121,1
DA:122,1
DA:123,1
DA:124,1
DA:125,1
DA:126,1
DA:130,1
DA:131,1
DA:132,1
DA:133,1
DA:134,1
DA:137,1
LF:63
LH:56
BRDA:18,0,0,1
BRDA:18,0,1,0
BRDA:48,1,0,0
BRDA:48,1,1,6
BRDA:70,2,0,0
BRDA:133,3,0,0
BRF:6
BRH:2
end_of_record
TN:
SF:src\controllers\textControllers.ts
FN:12,(anonymous_1)
FN:26,(anonymous_2)
FN:39,(anonymous_3)
FN:54,(anonymous_4)
FN:65,(anonymous_5)
FN:83,(anonymous_6)
FN:86,(anonymous_7)
FN:89,(anonymous_8)
FN:92,(anonymous_9)
FN:95,(anonymous_10)
FNF:10
FNH:7
FNDA:1,(anonymous_1)
FNDA:0,(anonymous_2)
FNDA:0,(anonymous_3)
FNDA:0,(anonymous_4)
FNDA:5,(anonymous_5)
FNDA:1,(anonymous_6)
FNDA:1,(anonymous_7)
FNDA:1,(anonymous_8)
FNDA:1,(anonymous_9)
FNDA:1,(anonymous_10)
DA:2,1
DA:8,1
DA:9,1
DA:12,1
DA:16,1
DA:17,1
DA:18,1
DA:19,1
DA:21,0
DA:22,0
DA:26,1
DA:27,0
DA:28,0
DA:29,0
DA:30,0
DA:31,0
DA:32,0
DA:34,0
DA:35,0
DA:39,1
DA:43,0
DA:44,0
DA:45,0
DA:46,0
DA:47,0
DA:49,0
DA:50,0
DA:54,1
DA:55,0
DA:56,0
DA:57,0
DA:58,0
DA:60,0
DA:61,0
DA:65,1
DA:71,5
DA:72,5
DA:73,5
DA:74,5
DA:75,5
DA:76,5
DA:78,0
DA:79,0
DA:83,1
DA:84,1
DA:86,1
DA:87,1
DA:89,1
DA:90,1
DA:92,1
DA:93,1
DA:95,1
DA:96,1
LF:53
LH:28
BRDA:30,0,0,0
BRDA:74,1,0,0
BRF:2
BRH:0
end_of_record
TN:
SF:src\dto\textDto.ts
FNF:0
FNH:0
DA:1,1
DA:3,1
DA:13,1
DA:17,1
DA:31,1
DA:41,1
LF:6
LH:6
BRF:0
BRH:0
end_of_record
TN:
SF:src\middleware\validateRequest.ts
FN:5,(anonymous_0)
FN:6,(anonymous_1)
FNF:2
FNH:2
FNDA:9,(anonymous_0)
FNDA:6,(anonymous_1)
DA:5,1
DA:6,9
DA:7,6
DA:8,6
DA:13,6
DA:16,0
DA:28,1
LF:7
LH:6
BRDA:20,0,0,0
BRDA:20,0,1,0
BRF:2
BRH:0
end_of_record
TN:
SF:src\routes\textRoutes.ts
FNF:0
FNH:0
DA:1,1
DA:2,1
DA:3,1
DA:14,1
DA:16,1
DA:40,1
DA:59,1
DA:92,1
DA:115,1
DA:136,1
DA:157,1
DA:178,1
DA:199,1
DA:220,1
DA:226,1
LF:15
LH:15
BRF:0
BRH:0
end_of_record
TN:
SF:src\services\textServices.ts
FN:3,(anonymous_0)
FN:8,(anonymous_1)
FN:13,(anonymous_2)
FN:21,(anonymous_3)
FNF:4
FNH:2
FNDA:1,(anonymous_0)
FNDA:5,(anonymous_1)
FNDA:0,(anonymous_2)
FNDA:0,(anonymous_3)
DA:1,1
DA:3,1
DA:4,1
DA:5,1
DA:8,1
DA:9,5
DA:10,5
DA:13,1
DA:14,0
DA:18,0
DA:21,1
DA:22,0
DA:23,0
LF:13
LH:9
BRF:0
BRH:0
end_of_record
TN:
SF:src\utils\analyzer.ts
FN:1,(anonymous_0)
FN:16,(anonymous_1)
FN:25,(anonymous_2)
FN:30,(anonymous_3)
FN:35,(anonymous_4)
FN:36,(anonymous_5)
FN:40,(anonymous_6)
FN:43,(anonymous_7)
FNF:8
FNH:8
FNDA:5,(anonymous_0)
FNDA:80,(anonymous_1)
FNDA:15,(anonymous_2)
FNDA:5,(anonymous_3)
FNDA:5,(anonymous_4)
FNDA:5,(anonymous_5)
FNDA:80,(anonymous_6)
FNDA:80,(anonymous_7)
DA:1,1
DA:2,5
DA:3,0
DA:13,5
DA:16,80
DA:17,5
DA:20,5
DA:23,5
DA:25,15
DA:28,5
DA:30,5
DA:33,5
DA:35,5
DA:36,5
DA:37,5
DA:40,80
DA:43,80
DA:46,5
LF:18
LH:17
BRDA:2,0,0,0
BRF:1
BRH:0
end_of_record
TN:
SF:src\utils\logger.ts
FN:24,(anonymous_6)
FNF:1
FNH:1
FNDA:8,(anonymous_6)
DA:1,1
DA:3,1
DA:6,1
DA:16,1
DA:24,8
DA:30,1
LF:6
LH:6
BRDA:17,0,0,1
BRDA:17,0,1,1
BRF:2
BRH:2
end_of_record
TN:
SF:src\utils\swagger.ts
FNF:0
FNH:0
DA:4,1
LF:1
LH:1
BRF:0
BRH:0
end_of_record
